Started GET "/" for ::1 at 2021-05-28 14:49:34 -0700

ActiveRecord::NoDatabaseError - FATAL:  database "Devcord_development" does not exist:

Started POST "/__better_errors/c154703abb77444a/variables" for ::1 at 2021-05-28 14:49:35 -0700
  [1m[35m (179.2ms)[0m  [1m[35mCREATE DATABASE "Devcord_development" ENCODING = 'unicode'[0m
  ↳ bin/rails:9
  [1m[35m (48.9ms)[0m  [1m[35mCREATE DATABASE "Devcord_test" ENCODING = 'unicode'[0m
  ↳ bin/rails:9
Started GET "/" for ::1 at 2021-05-28 14:49:54 -0700
Processing by Rails::WelcomeController#index as HTML
  Rendering /Users/nate/.rbenv/versions/2.5.1/lib/ruby/gems/2.5.0/gems/railties-5.2.6/lib/rails/templates/rails/welcome/index.html.erb
  Rendered /Users/nate/.rbenv/versions/2.5.1/lib/ruby/gems/2.5.0/gems/railties-5.2.6/lib/rails/templates/rails/welcome/index.html.erb (3.0ms)
Completed 200 OK in 15ms (Views: 9.7ms | ActiveRecord: 0.0ms)


Started GET "/" for ::1 at 2021-05-28 14:49:57 -0700
Processing by Rails::WelcomeController#index as HTML
  Rendering /Users/nate/.rbenv/versions/2.5.1/lib/ruby/gems/2.5.0/gems/railties-5.2.6/lib/rails/templates/rails/welcome/index.html.erb
  Rendered /Users/nate/.rbenv/versions/2.5.1/lib/ruby/gems/2.5.0/gems/railties-5.2.6/lib/rails/templates/rails/welcome/index.html.erb (2.2ms)
Completed 200 OK in 11ms (Views: 6.3ms | ActiveRecord: 0.0ms)


Started GET "/" for ::1 at 2021-05-28 14:49:57 -0700
Processing by Rails::WelcomeController#index as HTML
  Rendering /Users/nate/.rbenv/versions/2.5.1/lib/ruby/gems/2.5.0/gems/railties-5.2.6/lib/rails/templates/rails/welcome/index.html.erb
  Rendered /Users/nate/.rbenv/versions/2.5.1/lib/ruby/gems/2.5.0/gems/railties-5.2.6/lib/rails/templates/rails/welcome/index.html.erb (2.1ms)
Completed 200 OK in 10ms (Views: 5.8ms | ActiveRecord: 0.0ms)


Started GET "/" for ::1 at 2021-05-28 14:49:58 -0700
Processing by Rails::WelcomeController#index as HTML
  Rendering /Users/nate/.rbenv/versions/2.5.1/lib/ruby/gems/2.5.0/gems/railties-5.2.6/lib/rails/templates/rails/welcome/index.html.erb
  Rendered /Users/nate/.rbenv/versions/2.5.1/lib/ruby/gems/2.5.0/gems/railties-5.2.6/lib/rails/templates/rails/welcome/index.html.erb (2.0ms)
Completed 200 OK in 9ms (Views: 5.8ms | ActiveRecord: 0.0ms)


Started GET "/" for ::1 at 2021-05-28 14:50:12 -0700
Processing by Rails::WelcomeController#index as HTML
  Rendering /Users/nate/.rbenv/versions/2.5.1/lib/ruby/gems/2.5.0/gems/railties-5.2.6/lib/rails/templates/rails/welcome/index.html.erb
  Rendered /Users/nate/.rbenv/versions/2.5.1/lib/ruby/gems/2.5.0/gems/railties-5.2.6/lib/rails/templates/rails/welcome/index.html.erb (2.2ms)
Completed 200 OK in 12ms (Views: 7.0ms | ActiveRecord: 0.0ms)


Started GET "/" for ::1 at 2021-05-28 14:50:12 -0700
Processing by Rails::WelcomeController#index as HTML
  Rendering /Users/nate/.rbenv/versions/2.5.1/lib/ruby/gems/2.5.0/gems/railties-5.2.6/lib/rails/templates/rails/welcome/index.html.erb
  Rendered /Users/nate/.rbenv/versions/2.5.1/lib/ruby/gems/2.5.0/gems/railties-5.2.6/lib/rails/templates/rails/welcome/index.html.erb (2.2ms)
Completed 200 OK in 11ms (Views: 6.5ms | ActiveRecord: 0.0ms)


Started GET "/" for ::1 at 2021-05-28 14:50:12 -0700
Processing by Rails::WelcomeController#index as HTML
  Rendering /Users/nate/.rbenv/versions/2.5.1/lib/ruby/gems/2.5.0/gems/railties-5.2.6/lib/rails/templates/rails/welcome/index.html.erb
  Rendered /Users/nate/.rbenv/versions/2.5.1/lib/ruby/gems/2.5.0/gems/railties-5.2.6/lib/rails/templates/rails/welcome/index.html.erb (1.9ms)
Completed 200 OK in 11ms (Views: 6.2ms | ActiveRecord: 0.0ms)


Started GET "/" for ::1 at 2021-05-28 14:51:04 -0700

ArgumentError - 'Static_Pages' is not a supported controller name. This can lead to potential routing problems. See http://guides.rubyonrails.org/routing.html#specifying-a-controller-to-use:
  config/routes.rb:3:in `block in <top (required)>'
  config/routes.rb:1:in `<top (required)>'

Started POST "/__better_errors/f4852fcaab09e85b/variables" for ::1 at 2021-05-28 14:51:04 -0700
Started GET "/" for ::1 at 2021-05-28 14:51:12 -0700

ArgumentError - 'StaticPages' is not a supported controller name. This can lead to potential routing problems. See http://guides.rubyonrails.org/routing.html#specifying-a-controller-to-use:
  config/routes.rb:3:in `block in <top (required)>'
  config/routes.rb:1:in `<top (required)>'

Started POST "/__better_errors/1a3ce1b827975c49/variables" for ::1 at 2021-05-28 14:51:12 -0700
Started GET "/" for ::1 at 2021-05-28 14:51:13 -0700
  
ActionController::RoutingError (No route matches [GET] "/"):
  
actionpack (5.2.6) lib/action_dispatch/middleware/debug_exceptions.rb:65:in `call'
web-console (3.7.0) lib/web_console/middleware.rb:135:in `call_app'
web-console (3.7.0) lib/web_console/middleware.rb:30:in `block in call'
web-console (3.7.0) lib/web_console/middleware.rb:20:in `catch'
web-console (3.7.0) lib/web_console/middleware.rb:20:in `call'
actionpack (5.2.6) lib/action_dispatch/middleware/show_exceptions.rb:33:in `call'
railties (5.2.6) lib/rails/rack/logger.rb:38:in `call_app'
railties (5.2.6) lib/rails/rack/logger.rb:26:in `block in call'
activesupport (5.2.6) lib/active_support/tagged_logging.rb:71:in `block in tagged'
activesupport (5.2.6) lib/active_support/tagged_logging.rb:28:in `tagged'
activesupport (5.2.6) lib/active_support/tagged_logging.rb:71:in `tagged'
railties (5.2.6) lib/rails/rack/logger.rb:26:in `call'
sprockets-rails (3.2.2) lib/sprockets/rails/quiet_assets.rb:13:in `call'
actionpack (5.2.6) lib/action_dispatch/middleware/remote_ip.rb:81:in `call'
actionpack (5.2.6) lib/action_dispatch/middleware/request_id.rb:27:in `call'
rack (2.2.3) lib/rack/method_override.rb:24:in `call'
rack (2.2.3) lib/rack/runtime.rb:22:in `call'
activesupport (5.2.6) lib/active_support/cache/strategy/local_cache_middleware.rb:29:in `call'
actionpack (5.2.6) lib/action_dispatch/middleware/executor.rb:14:in `call'
actionpack (5.2.6) lib/action_dispatch/middleware/static.rb:127:in `call'
rack (2.2.3) lib/rack/sendfile.rb:110:in `call'
railties (5.2.6) lib/rails/engine.rb:524:in `call'
puma (3.12.6) lib/puma/configuration.rb:227:in `call'
puma (3.12.6) lib/puma/server.rb:706:in `handle_request'
puma (3.12.6) lib/puma/server.rb:476:in `process_client'
puma (3.12.6) lib/puma/server.rb:334:in `block in run'
puma (3.12.6) lib/puma/thread_pool.rb:135:in `block in spawn_thread'
Started GET "/" for ::1 at 2021-05-28 14:53:27 -0700

SyntaxError - syntax error, unexpected ':', expecting keyword_end
    render: root
          ^:
  app/controllers/static_pages_controller.rb:3:in `'

Started POST "/__better_errors/67e167cff860e9b2/variables" for ::1 at 2021-05-28 14:53:27 -0700
Started GET "/" for ::1 at 2021-05-28 14:53:31 -0700

SyntaxError - syntax error, unexpected ':', expecting keyword_end
    render: root
          ^:
  app/controllers/static_pages_controller.rb:3:in `'

Started POST "/__better_errors/1b7efaae922745d8/variables" for ::1 at 2021-05-28 14:53:31 -0700
Started GET "/" for ::1 at 2021-05-28 14:53:51 -0700
Processing by StaticPagesController#root as HTML
  Rendering static_pages/root.html.erb within layouts/application
  Rendered static_pages/root.html.erb within layouts/application (0.3ms)
Completed 200 OK in 1457ms (Views: 1453.4ms | ActiveRecord: 0.0ms)


Started GET "/" for ::1 at 2021-05-28 14:54:06 -0700
Processing by StaticPagesController#root as HTML
  Rendering static_pages/root.html.erb within layouts/application
  Rendered static_pages/root.html.erb within layouts/application (0.7ms)
Completed 200 OK in 33ms (Views: 29.1ms | ActiveRecord: 0.0ms)


Started GET "/" for ::1 at 2021-05-28 14:54:07 -0700
Processing by StaticPagesController#root as HTML
  Rendering static_pages/root.html.erb within layouts/application
  Rendered static_pages/root.html.erb within layouts/application (0.3ms)
Completed 200 OK in 27ms (Views: 24.9ms | ActiveRecord: 0.0ms)


Started GET "/" for ::1 at 2021-05-28 14:54:07 -0700
Processing by StaticPagesController#root as HTML
  Rendering static_pages/root.html.erb within layouts/application
  Rendered static_pages/root.html.erb within layouts/application (0.4ms)
Completed 200 OK in 24ms (Views: 20.7ms | ActiveRecord: 0.0ms)


Started GET "/" for ::1 at 2021-05-28 14:54:14 -0700
Processing by StaticPagesController#root as HTML
  Rendering static_pages/root.html.erb within layouts/application
  Rendered static_pages/root.html.erb within layouts/application (1.4ms)
Started GET "/" for ::1 at 2021-05-28 14:54:14 -0700
Processing by StaticPagesController#root as HTML
  Rendering static_pages/root.html.erb within layouts/application
  Rendered static_pages/root.html.erb within layouts/application (0.3ms)
Completed 200 OK in 1256ms (Views: 1251.9ms | ActiveRecord: 0.0ms)


Completed 200 OK in 1014ms (Views: 1011.2ms | ActiveRecord: 0.0ms)


Started GET "/" for ::1 at 2021-05-28 14:54:17 -0700
Processing by StaticPagesController#root as HTML
  Rendering static_pages/root.html.erb within layouts/application
  Rendered static_pages/root.html.erb within layouts/application (0.3ms)
Completed 200 OK in 33ms (Views: 30.0ms | ActiveRecord: 0.0ms)


Started GET "/" for ::1 at 2021-05-28 14:54:26 -0700
Processing by StaticPagesController#root as HTML
  Rendering static_pages/root.html.erb within layouts/application
  Rendered static_pages/root.html.erb within layouts/application (0.3ms)
Completed 200 OK in 29ms (Views: 26.4ms | ActiveRecord: 0.0ms)


Started GET "/" for ::1 at 2021-05-28 14:54:29 -0700
Processing by StaticPagesController#root as HTML
  Rendering static_pages/root.html.erb within layouts/application
  Rendered static_pages/root.html.erb within layouts/application (0.3ms)
Completed 200 OK in 27ms (Views: 24.2ms | ActiveRecord: 0.0ms)


Started GET "/" for ::1 at 2021-05-28 14:54:29 -0700
Processing by StaticPagesController#root as HTML
  Rendering static_pages/root.html.erb within layouts/application
  Rendered static_pages/root.html.erb within layouts/application (0.2ms)
Completed 200 OK in 24ms (Views: 21.4ms | ActiveRecord: 0.0ms)


Started GET "/" for ::1 at 2021-05-28 14:54:30 -0700
Processing by StaticPagesController#root as HTML
  Rendering static_pages/root.html.erb within layouts/application
  Rendered static_pages/root.html.erb within layouts/application (0.3ms)
Completed 200 OK in 25ms (Views: 22.5ms | ActiveRecord: 0.0ms)


Started GET "/" for ::1 at 2021-05-28 14:54:30 -0700
Processing by StaticPagesController#root as HTML
  Rendering static_pages/root.html.erb within layouts/application
  Rendered static_pages/root.html.erb within layouts/application (0.4ms)
Completed 200 OK in 29ms (Views: 26.7ms | ActiveRecord: 0.0ms)


Started GET "/" for ::1 at 2021-05-28 14:54:30 -0700
Processing by StaticPagesController#root as HTML
  Rendering static_pages/root.html.erb within layouts/application
  Rendered static_pages/root.html.erb within layouts/application (0.3ms)
Completed 200 OK in 24ms (Views: 21.8ms | ActiveRecord: 0.0ms)


Started GET "/" for ::1 at 2021-05-28 14:54:54 -0700
Processing by StaticPagesController#root as HTML
  Rendering static_pages/root.html.erb within layouts/application
  Rendered static_pages/root.html.erb within layouts/application (0.3ms)
Completed 200 OK in 303ms (Views: 300.4ms | ActiveRecord: 0.0ms)


Started GET "/" for ::1 at 2021-06-01 11:45:32 -0700
Processing by StaticPagesController#root as HTML
  Rendering static_pages/root.html.erb within layouts/application
  Rendered static_pages/root.html.erb within layouts/application (1.4ms)
Completed 200 OK in 1408ms (Views: 1405.2ms | ActiveRecord: 0.0ms)


